# JRE version: Java(TM) SE Runtime Environment (8.0_71-b15) (build 1.8.0_71-b15)
# Java VM: Java HotSpot(TM) 64-Bit Server VM (25.71-b15 mixed mode windows-amd64 compressed oops)
Heap:
 PSYoungGen      total 285696K, used 133539K [0x00000000d5a00000, 0x00000000e7180000, 0x0000000100000000)
  eden space 285184K, 46% used [0x00000000d5a00000,0x00000000ddc28f30,0x00000000e7080000)
  from space 512K, 50% used [0x00000000e7100000,0x00000000e7140000,0x00000000e7180000)
  to   space 512K, 0% used [0x00000000e7080000,0x00000000e7080000,0x00000000e7100000)
 ParOldGen       total 417280K, used 205463K [0x0000000080e00000, 0x000000009a580000, 0x00000000d5a00000)
  object space 417280K, 49% used [0x0000000080e00000,0x000000008d6a5d28,0x000000009a580000)
 Metaspace       used 13575K, capacity 13820K, committed 14080K, reserved 1062912K
  class space    used 1457K, capacity 1522K, committed 1536K, reserved 1048576K
GC Heap History (10 events):
Event: 1141.300 GC heap before
{Heap before GC invocations=172 (full 4):
 PSYoungGen      total 284160K, used 283936K [0x00000000d5a00000, 0x00000000e7080000, 0x0000000100000000)
  eden space 283648K, 100% used [0x00000000d5a00000,0x00000000e6f00000,0x00000000e6f00000)
  from space 512K, 56% used [0x00000000e6f00000,0x00000000e6f48000,0x00000000e6f80000)
  to   space 512K, 0% used [0x00000000e7000000,0x00000000e7000000,0x00000000e7080000)
 ParOldGen       total 417280K, used 205463K [0x0000000080e00000, 0x000000009a580000, 0x00000000d5a00000)
  object space 417280K, 49% used [0x0000000080e00000,0x000000008d6a5d28,0x000000009a580000)
 Metaspace       used 13569K, capacity 13820K, committed 14080K, reserved 1062912K
  class space    used 1457K, capacity 1522K, committed 1536K, reserved 1048576K
Event: 1141.301 GC heap after
Heap after GC invocations=172 (full 4):
 PSYoungGen      total 284672K, used 288K [0x00000000d5a00000, 0x00000000e7080000, 0x0000000100000000)
  eden space 284160K, 0% used [0x00000000d5a00000,0x00000000d5a00000,0x00000000e6f80000)
  from space 512K, 56% used [0x00000000e7000000,0x00000000e7048000,0x00000000e7080000)
  to   space 512K, 0% used [0x00000000e6f80000,0x00000000e6f80000,0x00000000e7000000)
 ParOldGen       total 417280K, used 205463K [0x0000000080e00000, 0x000000009a580000, 0x00000000d5a00000)
  object space 417280K, 49% used [0x0000000080e00000,0x000000008d6a5d28,0x000000009a580000)
 Metaspace       used 13569K, capacity 13820K, committed 14080K, reserved 1062912K
  class space    used 1457K, capacity 1522K, committed 1536K, reserved 1048576K
}
Event: 1148.656 GC heap before
{Heap before GC invocations=173 (full 4):
 PSYoungGen      total 284672K, used 284448K [0x00000000d5a00000, 0x00000000e7080000, 0x0000000100000000)
  eden space 284160K, 100% used [0x00000000d5a00000,0x00000000e6f80000,0x00000000e6f80000)
  from space 512K, 56% used [0x00000000e7000000,0x00000000e7048000,0x00000000e7080000)
  to   space 512K, 0% used [0x00000000e6f80000,0x00000000e6f80000,0x00000000e7000000)
 ParOldGen       total 417280K, used 205463K [0x0000000080e00000, 0x000000009a580000, 0x00000000d5a00000)
  object space 417280K, 49% used [0x0000000080e00000,0x000000008d6a5d28,0x000000009a580000)
 Metaspace       used 13569K, capacity 13820K, committed 14080K, reserved 1062912K
  class space    used 1457K, capacity 1522K, committed 1536K, reserved 1048576K
Event: 1148.657 GC heap after
Heap after GC invocations=173 (full 4):
 PSYoungGen      total 284672K, used 256K [0x00000000d5a00000, 0x00000000e7100000, 0x0000000100000000)
  eden space 284160K, 0% used [0x00000000d5a00000,0x00000000d5a00000,0x00000000e6f80000)
  from space 512K, 50% used [0x00000000e6f80000,0x00000000e6fc0000,0x00000000e7000000)
  to   space 512K, 0% used [0x00000000e7080000,0x00000000e7080000,0x00000000e7100000)
 ParOldGen       total 417280K, used 205463K [0x0000000080e00000, 0x000000009a580000, 0x00000000d5a00000)
  object space 417280K, 49% used [0x0000000080e00000,0x000000008d6a5d28,0x000000009a580000)
 Metaspace       used 13569K, capacity 13820K, committed 14080K, reserved 1062912K
  class space    used 1457K, capacity 1522K, committed 1536K, reserved 1048576K
}
Event: 1155.946 GC heap before
{Heap before GC invocations=174 (full 4):
 PSYoungGen      total 284672K, used 284416K [0x00000000d5a00000, 0x00000000e7100000, 0x0000000100000000)
  eden space 284160K, 100% used [0x00000000d5a00000,0x00000000e6f80000,0x00000000e6f80000)
  from space 512K, 50% used [0x00000000e6f80000,0x00000000e6fc0000,0x00000000e7000000)
  to   space 512K, 0% used [0x00000000e7080000,0x00000000e7080000,0x00000000e7100000)
 ParOldGen       total 417280K, used 205463K [0x0000000080e00000, 0x000000009a580000, 0x00000000d5a00000)
  object space 417280K, 49% used [0x0000000080e00000,0x000000008d6a5d28,0x000000009a580000)
 Metaspace       used 13569K, capacity 13820K, committed 14080K, reserved 1062912K
  class space    used 1457K, capacity 1522K, committed 1536K, reserved 1048576K
Event: 1155.947 GC heap after
Heap after GC invocations=174 (full 4):
 PSYoungGen      total 285184K, used 224K [0x00000000d5a00000, 0x00000000e7100000, 0x0000000100000000)
  eden space 284672K, 0% used [0x00000000d5a00000,0x00000000d5a00000,0x00000000e7000000)
  from space 512K, 43% used [0x00000000e7080000,0x00000000e70b8000,0x00000000e7100000)
  to   space 512K, 0% used [0x00000000e7000000,0x00000000e7000000,0x00000000e7080000)
 ParOldGen       total 417280K, used 205463K [0x0000000080e00000, 0x000000009a580000, 0x00000000d5a00000)
  object space 417280K, 49% used [0x0000000080e00000,0x000000008d6a5d28,0x000000009a580000)
 Metaspace       used 13569K, capacity 13820K, committed 14080K, reserved 1062912K
  class space    used 1457K, capacity 1522K, committed 1536K, reserved 1048576K
}
Event: 1163.511 GC heap before
{Heap before GC invocations=175 (full 4):
 PSYoungGen      total 285184K, used 284896K [0x00000000d5a00000, 0x00000000e7100000, 0x0000000100000000)
  eden space 284672K, 100% used [0x00000000d5a00000,0x00000000e7000000,0x00000000e7000000)
  from space 512K, 43% used [0x00000000e7080000,0x00000000e70b8000,0x00000000e7100000)
  to   space 512K, 0% used [0x00000000e7000000,0x00000000e7000000,0x00000000e7080000)
 ParOldGen       total 417280K, used 205463K [0x0000000080e00000, 0x000000009a580000, 0x00000000d5a00000)
  object space 417280K, 49% used [0x0000000080e00000,0x000000008d6a5d28,0x000000009a580000)
 Metaspace       used 13569K, capacity 13820K, committed 14080K, reserved 1062912K
  class space    used 1457K, capacity 1522K, committed 1536K, reserved 1048576K
Event: 1163.513 GC heap after
Heap after GC invocations=175 (full 4):
 PSYoungGen      total 285184K, used 224K [0x00000000d5a00000, 0x00000000e7180000, 0x0000000100000000)
  eden space 284672K, 0% used [0x00000000d5a00000,0x00000000d5a00000,0x00000000e7000000)
  from space 512K, 43% used [0x00000000e7000000,0x00000000e7038000,0x00000000e7080000)
  to   space 512K, 0% used [0x00000000e7100000,0x00000000e7100000,0x00000000e7180000)
 ParOldGen       total 417280K, used 205463K [0x0000000080e00000, 0x000000009a580000, 0x00000000d5a00000)
  object space 417280K, 49% used [0x0000000080e00000,0x000000008d6a5d28,0x000000009a580000)
 Metaspace       used 13569K, capacity 13820K, committed 14080K, reserved 1062912K
  class space    used 1457K, capacity 1522K, committed 1536K, reserved 1048576K
}
Event: 1170.745 GC heap before
{Heap before GC invocations=176 (full 4):
 PSYoungGen      total 285184K, used 284896K [0x00000000d5a00000, 0x00000000e7180000, 0x0000000100000000)
  eden space 284672K, 100% used [0x00000000d5a00000,0x00000000e7000000,0x00000000e7000000)
  from space 512K, 43% used [0x00000000e7000000,0x00000000e7038000,0x00000000e7080000)
  to   space 512K, 0% used [0x00000000e7100000,0x00000000e7100000,0x00000000e7180000)
 ParOldGen       total 417280K, used 205463K [0x0000000080e00000, 0x000000009a580000, 0x00000000d5a00000)
  object space 417280K, 49% used [0x0000000080e00000,0x000000008d6a5d28,0x000000009a580000)
 Metaspace       used 13569K, capacity 13820K, committed 14080K, reserved 1062912K
  class space    used 1457K, capacity 1522K, committed 1536K, reserved 1048576K
Event: 1170.746 GC heap after
Heap after GC invocations=176 (full 4):
 PSYoungGen      total 285696K, used 256K [0x00000000d5a00000, 0x00000000e7180000, 0x0000000100000000)
  eden space 285184K, 0% used [0x00000000d5a00000,0x00000000d5a00000,0x00000000e7080000)
  from space 512K, 50% used [0x00000000e7100000,0x00000000e7140000,0x00000000e7180000)
  to   space 512K, 0% used [0x00000000e7080000,0x00000000e7080000,0x00000000e7100000)
 ParOldGen       total 417280K, used 205463K [0x0000000080e00000, 0x000000009a580000, 0x00000000d5a00000)
  object space 417280K, 49% used [0x0000000080e00000,0x000000008d6a5d28,0x000000009a580000)
 Metaspace       used 13569K, capacity 13820K, committed 14080K, reserved 1062912K
  class space    used 1457K, capacity 1522K, committed 1536K, reserved 1048576K
}

